<?xml version="1.0" encoding="UTF-8"?>
<!-- Generated by org.testng.reporters.JUnitXMLReporter -->
<testsuite ignored="1" hostname="DESKTOP-FI61DP1" failures="0" tests="7" name="Test_Chrome" time="46.014" errors="0" timestamp="2023-06-19T23:11:59 IST">
  <testcase classname="Test_Ng.CrossB_test1" name="CreateAccount" time="0.142"/>
  <testcase classname="Test_Ng.CrossB_test1" name="SignUp" time="1.689"/>
  <testcase classname="Test_Ng.CrossB_test2" name="CreatePage" time="3.248"/>
  <testcase classname="Test_Ng.CrossB_test2" name="business" time="0.002"/>
  <testcase classname="Test_Ng.CrossB_test3" name="R1" time="0.001"/>
  <testcase classname="Test_Ng.CrossB_test3" name="R2" time="0.004"/>
  <testcase classname="Test_Ng.CrossB_test3" name="R3" time="0.002"/>
  <testcase classname="Test_Ng.CrossB_test1" name="ForgottenPassword" time="0.0">
    <ignored/>
  </testcase> <!-- ForgottenPassword -->
</testsuite> <!-- Test_Chrome -->
