<?xml version="1.0" encoding="UTF-8"?>
<testng-results ignored="0" total="2" passed="2" failed="0" skipped="0">
  <reporter-output>
  </reporter-output>
  <suite started-at="2023-06-25T12:15:19 IST" name="Suite" finished-at="2023-06-25T12:15:28 IST" duration-ms="8957">
    <groups>
    </groups>
    <test started-at="2023-06-25T12:15:19 IST" name="Test" finished-at="2023-06-25T12:15:28 IST" duration-ms="8957">
      <class name="com.test_login.Verify_login">
        <test-method signature="FB_login()[pri:0, instance:com.test_login.Verify_login@40a4337a]" started-at="2023-06-25T12:15:19 IST" name="FB_login" finished-at="2023-06-25T12:15:24 IST" duration-ms="5028" status="PASS">
          <reporter-output>
          </reporter-output>
        </test-method> <!-- FB_login -->
      </class> <!-- com.test_login.Verify_login -->
      <class name="com.test_login.Verify_login2">
        <test-method signature="FB_login()[pri:0, instance:com.test_login.Verify_login2@815b41f]" started-at="2023-06-25T12:15:24 IST" name="FB_login" finished-at="2023-06-25T12:15:28 IST" duration-ms="3891" status="PASS">
          <reporter-output>
          </reporter-output>
        </test-method> <!-- FB_login -->
      </class> <!-- com.test_login.Verify_login2 -->
    </test> <!-- Test -->
  </suite> <!-- Suite -->
</testng-results>
